2026-03-28T18:09:51.094640+0530 | INFO | 🌟 Starting Surgical Trading Bot...
2026-03-28T18:13:13.247696+0530 | ERROR | CLI Fault: 
2026-03-28T18:13:22.533828+0530 | INFO | 🌟 Starting Surgical Trading Bot...
2026-03-28T18:13:52.219523+0530 | ERROR | CLI Fault: 1 validation error for OrderValidator
symbol
  String should match pattern '^[A-Z0-9]{5,15}$' [type=string_pattern_mismatch, input_value='USDT', input_type=str]
    For further information visit https://errors.pydantic.dev/2.12/v/string_pattern_mismatch
2026-03-28T18:14:28.223528+0530 | INFO | 🌟 Starting Surgical Trading Bot...
2026-03-28T18:14:57.051749+0530 | INFO | ⏳ Processing MARKET BUY order for BTCUSDT...
2026-03-28T18:14:59.683855+0530 | INFO | 🔌 Connected to Binance Futures Testnet
2026-03-28T18:14:59.688854+0530 | INFO | 🚀 Sending Order: BUY 0.001 BTCUSDT (MARKET)
2026-03-28T18:14:59.952575+0530 | ERROR | ❌ Binance API Error: Order's notional must be no smaller than 100 (unless you choose reduce only). (Code: -4164)
2026-03-28T18:14:59.954575+0530 | ERROR | ⚠️ Execution Interrupted: APIError(code=-4164): Order's notional must be no smaller than 100 (unless you choose reduce only).
2026-03-28T18:14:59.958565+0530 | INFO | 🔌 Disconnected from Binance
2026-03-28T18:14:59.968570+0530 | ERROR | CLI Fault: APIError(code=-4164): Order's notional must be no smaller than 100 (unless you choose reduce only).
2026-03-28T18:18:09.194807+0530 | INFO | 🌟 Starting Surgical Trading Bot...
2026-03-28T18:18:41.065057+0530 | INFO | ⏳ Processing MARKET BUY order for BTCUSDT...
2026-03-28T18:18:44.450834+0530 | INFO | 🔌 Connected to Binance Futures Testnet
2026-03-28T18:18:44.452830+0530 | INFO | 🚀 Sending Order: BUY 0.002 BTCUSDT (MARKET)
2026-03-28T18:18:45.433004+0530 | SUCCESS | ✅ Trade Executed | ID: 13002119914 | Status: NEW
2026-03-28T18:18:45.435043+0530 | SUCCESS | 📈 Trade Finalized: BTCUSDT BUY
2026-03-28T18:18:45.439354+0530 | INFO | 🔌 Disconnected from Binance
2026-03-28T18:27:15.360134+0530 | INFO | 🌟 Starting Surgical Trading Bot...
2026-03-28T18:27:45.853017+0530 | INFO | ⏳ Processing MARKET SELL order for BTCUSDT...
2026-03-28T18:27:52.477171+0530 | INFO | 🔌 Connected to Binance Futures Testnet
2026-03-28T18:27:52.478143+0530 | INFO | 🚀 Sending Order: SELL 0.002 BTCUSDT (MARKET)
2026-03-28T18:27:52.745224+0530 | SUCCESS | ✅ Trade Executed | ID: 13002139465 | Status: NEW
2026-03-28T18:27:52.747219+0530 | SUCCESS | 📈 Trade Finalized: BTCUSDT SELL
2026-03-28T18:27:52.752214+0530 | INFO | 🔌 Disconnected from Binance
2026-03-28T20:29:49.914721+0530 | INFO | 🌟 Starting Surgical Trading Bot...
2026-03-28T20:29:55.614888+0530 | ERROR | Execution Fault: 
2026-03-28T20:33:49.057864+0530 | INFO | 🔌 Connected to Binance Futures Testnet
2026-03-28T20:33:49.059371+0530 | INFO | 🚀 Sending Order: BUY 0.002 BTCUSDT (MARKET)
2026-03-28T20:33:49.059371+0530 | SUCCESS | ✅ Trade Executed | ID: 12345 | Status: FILLED
2026-03-28T20:33:49.065379+0530 | INFO | 🔌 Connected to Binance Futures Testnet
2026-03-28T20:43:36.029242+0530 | INFO | 🔌 Connected to Binance Futures Testnet
2026-03-28T20:43:36.031460+0530 | INFO | 🚀 Sending Order: BUY 0.002 BTCUSDT (MARKET)
2026-03-28T20:43:36.032465+0530 | SUCCESS | ✅ Trade Executed | ID: 12345 | Status: FILLED
2026-03-28T20:43:36.041915+0530 | INFO | 🔌 Connected to Binance Futures Testnet
2026-03-28T20:47:30.403239+0530 | INFO | 🔌 Connected to Binance Futures Testnet
2026-03-28T20:47:30.405237+0530 | INFO | 🚀 Sending Order: BUY 0.002 BTCUSDT (MARKET)
2026-03-28T20:47:30.405237+0530 | SUCCESS | ✅ Trade Executed | ID: 12345 | Status: FILLED
2026-03-28T20:47:30.414139+0530 | INFO | 🔌 Connected to Binance Futures Testnet
2026-03-28T20:47:30.501292+0530 | SUCCESS | 📈 Trade Finalized: BTCUSDT BUY
2026-03-28T20:49:43.469498+0530 | INFO | 🔌 Connected to Binance Futures Testnet
2026-03-28T20:49:43.471496+0530 | INFO | 🚀 Sending Order: BUY 0.002 BTCUSDT (MARKET)
2026-03-28T20:49:43.471496+0530 | SUCCESS | ✅ Trade Executed | ID: 12345 | Status: FILLED
2026-03-28T20:49:43.477485+0530 | INFO | 🔌 Connected to Binance Futures Testnet
2026-03-28T20:49:43.572277+0530 | SUCCESS | 📈 Trade Finalized: BTCUSDT BUY
2026-03-28T20:50:04.318411+0530 | INFO | 🔌 Connected to Binance Futures Testnet
2026-03-28T20:50:04.319410+0530 | INFO | 🚀 Sending Order: BUY 0.002 BTCUSDT (MARKET)
2026-03-28T20:50:04.320410+0530 | SUCCESS | ✅ Trade Executed | ID: 12345 | Status: FILLED
2026-03-28T20:50:04.327410+0530 | INFO | 🔌 Connected to Binance Futures Testnet
2026-03-28T20:50:04.436942+0530 | SUCCESS | 📈 Trade Finalized: BTCUSDT BUY
2026-03-28T20:51:53.451638+0530 | INFO | 🔌 Connected to Binance Futures Testnet
2026-03-28T20:51:53.452638+0530 | INFO | 🚀 Sending Order: BUY 0.002 BTCUSDT (MARKET)
2026-03-28T20:51:53.452638+0530 | SUCCESS | ✅ Trade Executed | ID: 12345 | Status: FILLED
2026-03-28T20:51:53.461164+0530 | INFO | 🔌 Connected to Binance Futures Testnet
2026-03-28T20:51:53.568792+0530 | SUCCESS | 📈 Trade Finalized: BTCUSDT BUY
2026-03-28T20:54:14.659033+0530 | INFO | 🔌 Connected to Binance Futures Testnet
2026-03-28T20:54:14.660553+0530 | INFO | 🚀 Sending Order: BUY 0.002 BTCUSDT (MARKET)
2026-03-28T20:54:14.660553+0530 | SUCCESS | ✅ Trade Executed | ID: 12345 | Status: FILLED
2026-03-28T20:54:14.674246+0530 | INFO | 🔌 Connected to Binance Futures Testnet
2026-03-28T20:54:14.819548+0530 | SUCCESS | 📈 Trade Finalized: BTCUSDT BUY
2026-03-28T20:55:04.840310+0530 | INFO | 🔌 Connected to Binance Futures Testnet
2026-03-28T20:55:04.842322+0530 | INFO | 🚀 Sending Order: BUY 0.002 BTCUSDT (MARKET)
2026-03-28T20:55:04.843324+0530 | SUCCESS | ✅ Trade Executed | ID: 12345 | Status: FILLED
2026-03-28T20:55:04.860397+0530 | INFO | 🔌 Connected to Binance Futures Testnet
2026-03-28T20:55:05.006622+0530 | SUCCESS | 📈 Trade Finalized: BTCUSDT BUY
2026-03-28T20:56:10.809799+0530 | INFO | 🔌 Connected to Binance Futures Testnet
2026-03-28T20:56:10.811796+0530 | INFO | 🚀 Sending Order: BUY 0.002 BTCUSDT (MARKET)
2026-03-28T20:56:10.812797+0530 | SUCCESS | ✅ Trade Executed | ID: 12345 | Status: FILLED
2026-03-28T20:56:10.824595+0530 | INFO | 🔌 Connected to Binance Futures Testnet
2026-03-28T20:56:10.971678+0530 | SUCCESS | 📈 Trade Finalized: BTCUSDT BUY
2026-03-28T20:56:41.953431+0530 | INFO | 🔌 Connected to Binance Futures Testnet
2026-03-28T20:56:41.956431+0530 | INFO | 🚀 Sending Order: BUY 0.002 BTCUSDT (MARKET)
2026-03-28T20:56:41.956431+0530 | SUCCESS | ✅ Trade Executed | ID: 12345 | Status: FILLED
2026-03-28T20:56:41.971433+0530 | INFO | 🔌 Connected to Binance Futures Testnet
2026-03-28T20:56:42.139866+0530 | SUCCESS | 📈 Trade Finalized: BTCUSDT BUY
2026-03-28T20:58:52.289712+0530 | INFO | 🔌 Connected to Binance Futures Testnet
2026-03-28T20:58:52.291711+0530 | INFO | 🚀 Sending Order: BUY 0.002 BTCUSDT (MARKET)
2026-03-28T20:58:52.291711+0530 | SUCCESS | ✅ Trade Executed | ID: 12345 | Status: FILLED
2026-03-28T20:58:52.312979+0530 | INFO | 🔌 Connected to Binance Futures Testnet
2026-03-28T20:58:52.314977+0530 | INFO | 🚀 Sending Order: BUY 0.002 BTCUSDT (MARKET)
2026-03-28T20:58:52.315978+0530 | ERROR | ❌ Binance API Error: Account has insufficient balance. (Code: -2010)
2026-03-28T20:58:52.327126+0530 | SUCCESS | 📈 Trade Finalized: BTCUSDT BUY
2026-03-28T21:31:34.752113+0530 | INFO | 🔌 Connected to Binance Futures Testnet
2026-03-28T21:31:34.755124+0530 | INFO | 🚀 Sending Order: BUY 0.002 BTCUSDT (MARKET)
2026-03-28T21:31:34.756124+0530 | SUCCESS | ✅ Trade Executed | ID: 12345 | Status: FILLED
2026-03-28T21:31:34.773691+0530 | INFO | 🔌 Connected to Binance Futures Testnet
2026-03-28T21:31:34.788423+0530 | INFO | 🚀 Sending Order: BUY 0.002 BTCUSDT (MARKET)
2026-03-28T21:31:34.789422+0530 | ERROR | ❌ Binance API Error: Account has insufficient balance. (Code: -2010)
2026-03-28T21:31:34.805089+0530 | SUCCESS | 📈 Trade Finalized: BTCUSDT BUY
2026-03-28T21:40:24.945204+0530 | INFO | 🔌 Connected to Binance Futures Testnet
2026-03-28T21:40:24.948443+0530 | INFO | 🚀 Sending Order: BUY 0.002 BTCUSDT (MARKET)
2026-03-28T21:40:24.948443+0530 | SUCCESS | ✅ Trade Executed | ID: 12345 | Status: FILLED
2026-03-28T21:40:24.965340+0530 | INFO | 🔌 Connected to Binance Futures Testnet
2026-03-28T21:40:24.967344+0530 | INFO | 🚀 Sending Order: BUY 0.002 BTCUSDT (MARKET)
2026-03-28T21:40:24.968340+0530 | ERROR | ❌ Binance API Error: Account has insufficient balance. (Code: -2010)
2026-03-28T21:40:24.982434+0530 | SUCCESS | 📈 Trade Finalized: BTCUSDT BUY
2026-03-28T21:40:39.377901+0530 | INFO | 🌟 Starting Surgical Trading Bot...
2026-03-28T21:41:13.307423+0530 | INFO | ⏳ Processing MARKET BUY order for BTCUSDT...
2026-03-28T21:41:14.513459+0530 | INFO | 🔌 Connected to Binance Futures Testnet
2026-03-28T21:41:14.514921+0530 | INFO | 🚀 Sending Order: BUY 0.002 BTCUSDT (MARKET)
2026-03-28T21:41:14.994451+0530 | SUCCESS | ✅ Trade Executed | ID: 13002497568 | Status: NEW
2026-03-28T21:41:14.995475+0530 | SUCCESS | 📈 Trade Finalized: BTCUSDT BUY
2026-03-28T21:41:14.997471+0530 | INFO | 🔌 Disconnected from Binance
2026-03-28T21:44:34.536265+0530 | INFO | 🌟 Starting Surgical Trading Bot...
2026-03-28T21:44:56.893437+0530 | INFO | ⏳ Processing MARKET SELL order for BTCUSDT...
2026-03-28T21:44:57.853290+0530 | INFO | 🔌 Connected to Binance Futures Testnet
2026-03-28T21:44:57.853290+0530 | INFO | 🚀 Sending Order: SELL 0.002 BTCUSDT (MARKET)
2026-03-28T21:44:58.360045+0530 | SUCCESS | ✅ Trade Executed | ID: 13002502820 | Status: NEW
2026-03-28T21:44:58.361044+0530 | SUCCESS | 📈 Trade Finalized: BTCUSDT SELL
2026-03-28T21:44:58.363039+0530 | INFO | 🔌 Disconnected from Binance
2026-03-28T21:45:01.196338+0530 | INFO | 🌟 Starting Surgical Trading Bot...
2026-03-28T21:46:40.688409+0530 | INFO | ⏳ Processing STOP_MARKET BUY order for BTCUSDT...
2026-03-28T21:46:41.468080+0530 | INFO | 🔌 Connected to Binance Futures Testnet
2026-03-28T21:46:41.469079+0530 | INFO | 🚀 Sending Order: BUY 0.008 BTCUSDT (STOP_MARKET)
2026-03-28T21:46:42.205838+0530 | ERROR | ❌ Binance API Error: Mandatory parameter 'triggerprice' was not sent, was empty/null, or malformed. (Code: -1102)
2026-03-28T21:46:42.206853+0530 | ERROR | ⚠️ Execution Interrupted: APIError(code=-1102): Mandatory parameter 'triggerprice' was not sent, was empty/null, or malformed.
2026-03-28T21:46:42.208837+0530 | INFO | 🔌 Disconnected from Binance
2026-03-28T21:46:42.214827+0530 | ERROR | Execution Fault: APIError(code=-1102): Mandatory parameter 'triggerprice' was not sent, was empty/null, or malformed.
2026-03-28T21:50:56.343325+0530 | INFO | 🌟 Starting Surgical Trading Bot...
2026-03-28T21:51:07.899748+0530 | INFO | ⏳ Processing STOP_MARKET BUY order for BTCUSDT...
2026-03-28T21:51:08.955635+0530 | INFO | 🔌 Connected to Binance Futures Testnet
2026-03-28T21:51:08.956641+0530 | INFO | 🚀 Sending Order: BUY 0.008 BTCUSDT (STOP_MARKET)
2026-03-28T21:51:08.956641+0530 | ERROR | ❌ System Error: 'BinanceClient' object has no attribute 'log'
2026-03-28T21:51:08.957639+0530 | ERROR | ⚠️ Execution Interrupted: 'BinanceClient' object has no attribute 'log'
2026-03-28T21:51:08.958634+0530 | INFO | 🔌 Disconnected from Binance
2026-03-28T21:51:08.962637+0530 | ERROR | Execution Fault: 'BinanceClient' object has no attribute 'log'
2026-03-28T21:53:32.778149+0530 | INFO | 🌟 Starting Surgical Trading Bot...
2026-03-28T21:53:42.466149+0530 | INFO | ⏳ Processing STOP_MARKET BUY order for BTCUSDT...
2026-03-28T21:53:43.406682+0530 | INFO | 🔌 Connected to Binance Futures Testnet
2026-03-28T21:53:43.407679+0530 | INFO | 🚀 Sending STOP_MARKET Order: {'symbol': 'BTCUSDT', 'side': 'BUY', 'type': 'STOP_MARKET', 'quantity': '0.008', 'stopPrice': 'None', 'workingType': 'MARK_PRICE'}
2026-03-28T21:53:43.906088+0530 | ERROR | ❌ Binance API Error: APIError(code=-1102): Mandatory parameter 'triggerprice' was not sent, was empty/null, or malformed.
2026-03-28T21:53:43.907081+0530 | ERROR | ⚠️ Execution Interrupted: APIError(code=-1102): Mandatory parameter 'triggerprice' was not sent, was empty/null, or malformed.
2026-03-28T21:53:43.910081+0530 | INFO | 🔌 Disconnected from Binance
2026-03-28T21:53:43.915516+0530 | ERROR | Execution Fault: APIError(code=-1102): Mandatory parameter 'triggerprice' was not sent, was empty/null, or malformed.
2026-03-28T21:58:25.437869+0530 | INFO | 🌟 Starting Surgical Trading Bot...
2026-03-28T21:58:31.603512+0530 | INFO | ⏳ Processing STOP_MARKET BUY order for BTCUSDT...
2026-03-28T21:58:33.065331+0530 | INFO | 🔌 Connected to Binance Futures Testnet
2026-03-28T21:58:33.066331+0530 | INFO | 🚀 Sending STOP_MARKET Order: {'symbol': 'BTCUSDT', 'side': 'BUY', 'type': 'STOP_MARKET', 'quantity': '0.008', 'stopPrice': '71000.0', 'workingType': 'MARK_PRICE'}
2026-03-28T21:58:33.723330+0530 | INFO | ✅ Order Placed Successfully! ID: None
2026-03-28T21:58:33.725353+0530 | SUCCESS | 📈 Trade Finalized: BTCUSDT BUY
2026-03-28T21:58:33.728627+0530 | INFO | 🔌 Disconnected from Binance
2026-03-28T22:30:36.589063+0530 | INFO | 🌟 Starting Surgical Trading Bot...
2026-03-28T22:30:41.487475+0530 | ERROR | Execution Fault: 
2026-03-28T22:32:00.580337+0530 | INFO | 🔌 Connected to Binance Futures Testnet
2026-03-28T22:32:00.582337+0530 | INFO | 🚀 Sending STOP_MARKET Order: {'symbol': 'BTCUSD', 'side': 'BUY', 'type': 'STOP_MARKET', 'quantity': '0.008', 'stopPrice': '71000.0', 'workingType': 'MARK_PRICE'}
2026-03-28T22:32:00.885155+0530 | ERROR | ❌ Binance API Error: APIError(code=-1121): Invalid symbol.
2026-03-28T22:32:00.887152+0530 | ERROR | ⚠️ Execution Interrupted: APIError(code=-1121): Invalid symbol.
2026-03-28T22:32:00.889149+0530 | INFO | 🔌 Disconnected from Binance
2026-03-28T22:33:07.183724+0530 | INFO | 🔌 Connected to Binance Futures Testnet
2026-03-28T22:33:07.185722+0530 | INFO | 🚀 Sending STOP_MARKET Order: {'symbol': 'BTCUSDT', 'side': 'BUY', 'type': 'STOP_MARKET', 'quantity': '0.008', 'stopPrice': '71000.0', 'workingType': 'MARK_PRICE'}
2026-03-28T22:33:07.471781+0530 | INFO | ✅ Order Placed Successfully! ID: None
2026-03-28T22:33:07.472782+0530 | SUCCESS | 📈 Trade Finalized: BTCUSDT BUY
2026-03-28T22:33:07.474784+0530 | INFO | 🔌 Disconnected from Binance
2026-03-28T22:43:51.276391+0530 | INFO | 🔌 Connected to Binance Futures Testnet
2026-03-28T22:43:51.279389+0530 | INFO | 🚀 Sending LIMIT Order: {'symbol': 'BTCUSDT', 'side': 'BUY', 'type': 'LIMIT', 'quantity': '0.05', 'price': '55000.0', 'timeInForce': 'GTC'}
2026-03-28T22:43:51.533634+0530 | INFO | ✅ Order Placed Successfully! ID: 13002593423
2026-03-28T22:43:51.534886+0530 | SUCCESS | 📈 Trade Finalized: BTCUSDT BUY
2026-03-28T22:43:51.536920+0530 | INFO | 🔌 Disconnected from Binance
2026-03-28T22:48:57.786206+0530 | INFO | 🔌 Connected to Binance Futures Testnet
2026-03-28T22:48:57.788202+0530 | INFO | 🚀 Sending STOP_MARKET Order: {'symbol': 'BTCUSDT', 'side': 'BUY', 'type': 'STOP_MARKET', 'quantity': '0.008', 'stopPrice': '71000.0', 'workingType': 'MARK_PRICE'}
2026-03-28T22:48:57.789251+0530 | INFO | ✅ Order Placed Successfully! ID: 123456
2026-03-28T22:48:57.799207+0530 | INFO | 🔌 Connected to Binance Futures Testnet
2026-03-28T22:48:57.801208+0530 | INFO | 🚀 Sending MARKET Order: {'symbol': 'INVALID', 'side': 'BUY', 'type': 'MARKET', 'quantity': '1.0'}
2026-03-28T22:48:57.802203+0530 | ERROR | ❌ Binance API Error: APIError(code=-1121): Invalid symbol.
2026-03-28T22:48:57.812192+0530 | SUCCESS | 📈 Trade Finalized: BTCUSDT BUY
2026-03-28T22:55:10.809926+0530 | INFO | 🔌 Connected to Binance Futures Testnet
2026-03-28T22:55:10.813897+0530 | INFO | 🚀 Sending STOP_MARKET Order: {'symbol': 'BTCUSDT', 'side': 'BUY', 'type': 'STOP_MARKET', 'quantity': '0.008', 'stopPrice': '71000.0', 'workingType': 'MARK_PRICE'}
2026-03-28T22:55:10.813897+0530 | INFO | ✅ Order Placed Successfully! ID: 123456
2026-03-28T22:55:10.835091+0530 | INFO | 🔌 Connected to Binance Futures Testnet
2026-03-28T22:55:10.837941+0530 | INFO | 🚀 Sending MARKET Order: {'symbol': 'INVALID', 'side': 'BUY', 'type': 'MARKET', 'quantity': '1.0'}
2026-03-28T22:55:10.838908+0530 | ERROR | ❌ Binance API Error: APIError(code=-1121): Invalid symbol.
2026-03-28T22:55:10.848239+0530 | SUCCESS | 📈 Trade Finalized: BTCUSDT BUY
